This is LuaTeX, Version 1.07.0 (TeX Live 2018)  (format=lualatex 2019.3.1)  22 JAN 2020 10:43
 restricted system commands enabled.
**bai1.tex
(./bai1.tex
LaTeX2e <2018-04-01> patch level 2
Lua module: luaotfload-main 2017/01/29 2.80001 OpenType layout system.
Lua module: lualibs 2017-02-01 2.5 ConTeXt Lua standard libraries.
Lua module: lualibs-extended 2017-02-01 2.5 ConTeXt Lua libraries -- extended co
llection.(using write cache: /Users/ducanhnguyen/Library/texlive/2018/texmf-var/
luatex-cache/generic)(using read cache: /usr/local/texlive/2018/texmf-var/luatex
-cache/generic /Users/ducanhnguyen/Library/texlive/2018/texmf-var/luatex-cache/g
eneric)
luaotfload | conf : Root cache directory is /Users/ducanhnguyen/Library/texlive/
2018/texmf-var/luatex-cache/generic/names.
luaotfload | init : Loading fontloader “fontloader-2017-02-11.lua” from kpse
-resolved path “/usr/local/texlive/2018/texmf-dist/tex/luatex/luaotfload/fontl
oader-2017-02-11.lua”.
Lua-only attribute luaotfload@state = 1
Lua-only attribute luaotfload@noligature = 2
Lua-only attribute luaotfload@syllabe = 3
luaotfload | init : Context OpenType loader version “3.027”
Inserting `luaotfload.node_processor' at position 1 in `pre_linebreak_filter'.
Inserting `luaotfload.node_processor' at position 1 in `hpack_filter'.
Inserting `luaotfload.define_font' at position 1 in `define_font'.
Lua-only attribute luaotfload_color_attribute = 4
luaotfload | conf : Root cache directory is /Users/ducanhnguyen/Library/texlive/
2018/texmf-var/luatex-cache/generic/names.
Inserting `luaotfload.aux.set_sscale_dimens' at position 1 in `luaotfload.patch_
font'.
Inserting `luaotfload.aux.patch_cambria_domh' at position 2 in `luaotfload.patch
_font'.
Inserting `luaotfload.aux.fixup_fontdata' at position 1 in `luaotfload.patch_fon
t_unsafe'.
Inserting `luaotfload.aux.set_capheight' at position 3 in `luaotfload.patch_font
'.
Inserting `luaotfload.rewrite_fontname' at position 4 in `luaotfload.patch_font'
.
luaotfload | main : initialization completed in 0.099 seconds
Babel <3.18> and hyphenation patterns for 1 language(s) loaded.
(/usr/local/texlive/2018/texmf-dist/tex/latex/base/report.cls
Document Class: report 2014/09/29 v1.4h Standard LaTeX document class
(/usr/local/texlive/2018/texmf-dist/tex/latex/base/size12.clo
File: size12.clo 2014/09/29 v1.4h Standard LaTeX file (size option)
luaotfload | db : Font names database loaded from /Users/ducanhnguyen/Library/te
xlive/2018/texmf-var/luatex-cache/generic/names/luaotfload-names.luc(load luc: /
Users/ducanhnguyen/Library/texlive/2018/texmf-var/luatex-cache/generic/fonts/otl
/lmroman12-regular.luc))
\c@part=\count80
\c@chapter=\count81
\c@section=\count82
\c@subsection=\count83
\c@subsubsection=\count84
\c@paragraph=\count85
\c@subparagraph=\count86
\c@figure=\count87
\c@table=\count88
\abovecaptionskip=\skip41
\belowcaptionskip=\skip42
\bibindent=\dimen102
) (./bai1.aux)
\openout1 = bai1.aux

LaTeX Font Info:    Checking defaults for OML/cmm/m/it on input line 12.
LaTeX Font Info:    ... okay on input line 12.
LaTeX Font Info:    Checking defaults for T1/cmr/m/n on input line 12.
LaTeX Font Info:    ... okay on input line 12.
LaTeX Font Info:    Checking defaults for OT1/cmr/m/n on input line 12.
LaTeX Font Info:    ... okay on input line 12.
LaTeX Font Info:    Checking defaults for OMS/cmsy/m/n on input line 12.
LaTeX Font Info:    ... okay on input line 12.
LaTeX Font Info:    Checking defaults for TU/lmr/m/n on input line 12.
LaTeX Font Info:    ... okay on input line 12.
LaTeX Font Info:    Checking defaults for OMX/cmex/m/n on input line 12.
LaTeX Font Info:    ... okay on input line 12.
LaTeX Font Info:    Checking defaults for U/cmr/m/n on input line 12.
LaTeX Font Info:    ... okay on input line 12.
(load luc: /Users/ducanhnguyen/Library/texlive/2018/texmf-var/luatex-cache/gener
ic/fonts/otl/lmroman17-regular.luc)
LaTeX Font Info:    External font `cmex10' loaded for size
(Font)              <14.4> on input line 13.
LaTeX Font Info:    External font `cmex10' loaded for size
(Font)              <7> on input line 13.
(load luc: /Users/ducanhnguyen/Library/texlive/2018/texmf-var/luatex-cache/gener
ic/fonts/otl/lmroman12-italic.luc)
Overfull \hbox (30.6382pt too wide) in paragraph at lines 13--13
 [][] 
 []

[1

{/usr/local/texlive/2018/texmf-var/fonts/map/pdftex/updmap/pdftex.map}](load luc
: /Users/ducanhnguyen/Library/texlive/2018/texmf-var/luatex-cache/generic/fonts/
otl/lmroman12-bold.luc) [1] (./bai1.toc
LaTeX Font Info:    External font `cmex10' loaded for size
(Font)              <12> on input line 1.
LaTeX Font Info:    External font `cmex10' loaded for size
(Font)              <8> on input line 1.
LaTeX Font Info:    External font `cmex10' loaded for size
(Font)              <6> on input line 1.
)
\tf@toc=\write3

\openout3 = bai1.toc
 [2

] [3] [4] [5] [6] [7] [8]
[9] [10] [11] [12] [13] [14

] [15] [16] [17] [18] [19] [20] [21] [22] [23]
[24] (./bai1.aux))

Here is how much of LuaTeX's memory you used:
 315 strings out of 494413
 100000,89155 words of node,token memory allocated
 355 words of node memory still in use:
   2 hlist, 1 vlist, 1 rule, 2 glue, 3 attribute, 45 glue_spec, 3 attribute_list
, 1 write nodes
   avail lists: 2:167,3:58,4:39,5:221,6:13,7:3720,8:7,9:84,10:22,11:308
 4538 multiletter control sequences out of 65536+600000
 42 fonts using 2958319 bytes
 23i,6n,20p,2174b,238s stack positions out of 5000i,500n,10000p,200000b,100000s
</usr/local/texlive/2018/texmf-dist/fonts/opentype/public/lm/lmroman12-bold.otf>
</usr/local/texlive/2018/texmf-dist/fonts/opentype/public/lm/lmroman12-regular.o
tf></usr/local/texlive/2018/texmf-dist/fonts/opentype/public/lm/lmroman12-italic
.otf></usr/local/texlive/2018/texmf-dist/fonts/opentype/public/lm/lmroman17-regu
lar.otf>
Output written on bai1.pdf (25 pages, 88958 bytes).

PDF statistics: 111 PDF objects out of 1000 (max. 8388607)
 71 compressed objects within 1 object stream
 0 named destinations out of 1000 (max. 131072)
 1 words of extra memory for PDF output out of 10000 (max. 100000000)

